2017-10-15 19:45:58 +0000  Initial pipeline context: <IDEDistributionProcessingPipelineContext: 0x7fa68ee39de0; archive(resolved)='<IDEArchive: 0x7fa6942d2fa0>', distributionTask(resolved)='2', distributionMethod(resolved)='<IDEDistributionMethodAdHoc: 0x7fa698a05ca0>', team(resolved)='<IDEProvisioningBasicTeam 0x7fa697c36430: teamID: 7A5K69VZRP, teamName: Yongqiang Zhong>'>
	Chain (11, self inclusive):
	<IDEDistributionProcessingPipelineContext: 0x7fa68ee39de0; archive = '<IDEArchive: 0x7fa6942d2fa0>', distributionMethod='<IDEDistributionMethodAdHoc: 0x7fa698a05ca0>', team='<IDEProvisioningBasicTeam 0x7fa697c36430: teamID: 7A5K69VZRP, teamName: Yongqiang Zhong>'>
	<IDEDistributionProcessingPipelineContext: 0x7fa6979ed660; archive = '<IDEArchive: 0x7fa6942d2fa0>', distributionMethod='<IDEDistributionMethodAdHoc: 0x7fa698a05ca0>', team='<IDEProvisioningBasicTeam 0x7fa697c36430: teamID: 7A5K69VZRP, teamName: Yongqiang Zhong>'>
	<IDEDistributionContext: 0x7fa697f01680; archive = '<IDEArchive: 0x7fa6942d2fa0>', distributionMethod='<IDEDistributionMethodAdHoc: 0x7fa698a05ca0>', team='<IDEProvisioningBasicTeam 0x7fa697c36430: teamID: 7A5K69VZRP, teamName: Yongqiang Zhong>'>
	<IDEDistributionContext: 0x7fa697d0a230; archive = '<IDEArchive: 0x7fa6942d2fa0>', distributionMethod='<IDEDistributionMethodAdHoc: 0x7fa698a05ca0>', team='<IDEProvisioningBasicTeam 0x7fa697c36430: teamID: 7A5K69VZRP, teamName: Yongqiang Zhong>'>
	<IDEDistributionContext: 0x7fa697cce160; archive = '<IDEArchive: 0x7fa6942d2fa0>', distributionMethod='<IDEDistributionMethodAdHoc: 0x7fa698a05ca0>', team='<IDEProvisioningBasicTeam 0x7fa697c36430: teamID: 7A5K69VZRP, teamName: Yongqiang Zhong>'>
	<IDEDistributionContext: 0x7fa6954fa7c0; archive = '<IDEArchive: 0x7fa6942d2fa0>', distributionMethod='<IDEDistributionMethodAdHoc: 0x7fa698a05ca0>', team='<IDEProvisioningBasicTeam 0x7fa697c36430: teamID: 7A5K69VZRP, teamName: Yongqiang Zhong>'>
	<IDEDistributionContext: 0x7fa697fa72b0; archive = '<IDEArchive: 0x7fa6942d2fa0>', distributionMethod='<IDEDistributionMethodAdHoc: 0x7fa698a05ca0>', team='<IDEProvisioningBasicTeam 0x7fa697c36430: teamID: 7A5K69VZRP, teamName: Yongqiang Zhong>'>
	<IDEDistributionContext: 0x7fa698c13410; archive = '<IDEArchive: 0x7fa6942d2fa0>', distributionMethod='<IDEDistributionMethodAdHoc: 0x7fa698a05ca0>', team='<IDEProvisioningBasicTeam 0x7fa697c36430: teamID: 7A5K69VZRP, teamName: Yongqiang Zhong>'>
	<IDEDistributionContext: 0x7fa6937312f0; archive = '<IDEArchive: 0x7fa6942d2fa0>', distributionMethod='<IDEDistributionMethodAdHoc: 0x7fa698a05ca0>', team='<IDEProvisioningBasicTeam 0x7fa697c36430: teamID: 7A5K69VZRP, teamName: Yongqiang Zhong>'>
	<IDEDistributionContext: 0x7fa6937012e0; archive = '<IDEArchive: 0x7fa6942d2fa0>', distributionMethod='<IDEDistributionMethodAdHoc: 0x7fa698a05ca0>', team='(null)'>
	<IDEDistributionContext: 0x7fa697bc9bf0; archive = '<IDEArchive: 0x7fa6942d2fa0>', distributionMethod='(null)', team='(null)'>
</IDEDistributionProcessingPipelineContext: 0x7fa68ee39de0>
2017-10-15 19:45:58 +0000  Processing step: IDEDistributionCreateDestRootStep
2017-10-15 19:45:58 +0000  Processing step: IDEDistributionCopyItemStep
2017-10-15 19:45:58 +0000  Running /usr/bin/ditto '-V' '/Users/zhongyongqiang/Library/Developer/Xcode/Archives/2017-10-16/MinHang_IOS 16-10-2017, 3.45 AM.xcarchive/Products/Applications/MinHang_IOS.app' '/var/folders/br/zbflqx7s2r7bd5mgnt0fpkb00000gn/T/XcodeDistPipeline.V55/Root/Payload/MinHang_IOS.app'
2017-10-15 19:45:58 +0000  >>> Copying /Users/zhongyongqiang/Library/Developer/Xcode/Archives/2017-10-16/MinHang_IOS 16-10-2017, 3.45 AM.xcarchive/Products/Applications/MinHang_IOS.app 
2017-10-15 19:45:58 +0000  copying file ./_CodeSignature/CodeResources ... 
2017-10-15 19:45:58 +0000  12761 bytes for ./_CodeSignature/CodeResources
2017-10-15 19:45:58 +0000  copying file ./AppIcon76x76@2x~ipad.png ... 
2017-10-15 19:45:58 +0000  50314 bytes for ./AppIcon76x76@2x~ipad.png
copying file ./archived-expanded-entitlements.xcent ... 
2017-10-15 19:45:58 +0000  372 bytes for ./archived-expanded-entitlements.xcent
copying file ./Assets.car ... 
2017-10-15 19:45:58 +0000  51016 bytes for ./Assets.car
2017-10-15 19:45:58 +0000  copying file ./Base.lproj/LaunchScreen.storyboardc/01J-lp-oVM-view-Ze5-6b-2t3.nib ... 
2017-10-15 19:45:58 +0000  1985 bytes for ./Base.lproj/LaunchScreen.storyboardc/01J-lp-oVM-view-Ze5-6b-2t3.nib
copying file ./Base.lproj/LaunchScreen.storyboardc/Info.plist ... 
2017-10-15 19:45:58 +0000  258 bytes for ./Base.lproj/LaunchScreen.storyboardc/Info.plist
copying file ./Base.lproj/LaunchScreen.storyboardc/UIViewController-01J-lp-oVM.nib ... 
2017-10-15 19:45:58 +0000  832 bytes for ./Base.lproj/LaunchScreen.storyboardc/UIViewController-01J-lp-oVM.nib
2017-10-15 19:45:58 +0000  copying file ./Base.lproj/Main.storyboardc/BYZ-38-t0r-view-8bC-Xf-vdC.nib ... 
2017-10-15 19:45:58 +0000  1986 bytes for ./Base.lproj/Main.storyboardc/BYZ-38-t0r-view-8bC-Xf-vdC.nib
copying file ./Base.lproj/Main.storyboardc/Info.plist ... 
2017-10-15 19:45:58 +0000  258 bytes for ./Base.lproj/Main.storyboardc/Info.plist
copying file ./Base.lproj/Main.storyboardc/UIViewController-BYZ-38-t0r.nib ... 
2017-10-15 19:45:58 +0000  916 bytes for ./Base.lproj/Main.storyboardc/UIViewController-BYZ-38-t0r.nib
2017-10-15 19:45:58 +0000  copying file ./embedded.mobileprovision ... 
2017-10-15 19:45:58 +0000  9574 bytes for ./embedded.mobileprovision
2017-10-15 19:45:58 +0000  copying file ./image/icon-152.png ... 
2017-10-15 19:45:58 +0000  51927 bytes for ./image/icon-152.png
copying file ./image/WechatIMG20.png ... 
2017-10-15 19:45:58 +0000  146199 bytes for ./image/WechatIMG20.png
2017-10-15 19:45:58 +0000  copying file ./Info.plist ... 
2017-10-15 19:45:58 +0000  1329 bytes for ./Info.plist
2017-10-15 19:45:58 +0000  copying file ./MinHang_IOS ... 
2017-10-15 19:45:58 +0000  242800 bytes for ./MinHang_IOS
copying file ./PkgInfo ... 
2017-10-15 19:45:58 +0000  8 bytes for ./PkgInfo
2017-10-15 19:45:58 +0000  copying file ./src/asset-manifest.json ... 
2017-10-15 19:45:58 +0000  948 bytes for ./src/asset-manifest.json
copying file ./src/favicon.ico ... 
2017-10-15 19:45:58 +0000  24838 bytes for ./src/favicon.ico
copying file ./src/index.html ... 
2017-10-15 19:45:58 +0000  1214 bytes for ./src/index.html
2017-10-15 19:45:58 +0000  copying file ./src/logo.svg ... 
2017-10-15 19:45:58 +0000  2671 bytes for ./src/logo.svg
copying file ./src/manifest.json ... 
2017-10-15 19:45:58 +0000  298 bytes for ./src/manifest.json
copying file ./src/service-worker.js ... 
2017-10-15 19:45:58 +0000  3845 bytes for ./src/service-worker.js
2017-10-15 19:45:58 +0000  copying file ./src/static/css/main.432c0320.css ... 
2017-10-15 19:45:58 +0000  8587 bytes for ./src/static/css/main.432c0320.css
2017-10-15 19:45:58 +0000  copying file ./src/static/css/main.432c0320.css.map ... 
2017-10-15 19:45:58 +0000  16189 bytes for ./src/static/css/main.432c0320.css.map
2017-10-15 19:45:58 +0000  copying file ./src/static/js/main.8b53ba86.js ... 
2017-10-15 19:45:58 +0000  883556 bytes for ./src/static/js/main.8b53ba86.js
copying file ./src/static/js/main.8b53ba86.js.map ... 
2017-10-15 19:45:58 +0000  5766970 bytes for ./src/static/js/main.8b53ba86.js.map
2017-10-15 19:45:58 +0000  copying file ./src/static/media/code_img_00.6e5ad61f.jpg ... 
152215 bytes for ./src/static/media/code_img_00.6e5ad61f.jpg
copying file ./src/static/media/handprint2.f08fa7b9.jpg ... 
105834 bytes for ./src/static/media/handprint2.f08fa7b9.jpg
copying file ./src/static/media/index_00_bg.ef4f7ea8.png ... 
2017-10-15 19:45:58 +0000  1346277 bytes for ./src/static/media/index_00_bg.ef4f7ea8.png
copying file ./src/static/media/index_01_bg.3da9adbc.png ... 
2017-10-15 19:45:58 +0000  1269530 bytes for ./src/static/media/index_01_bg.3da9adbc.png
copying file ./src/static/media/index_02_bg.a76de408.png ... 
2017-10-15 19:45:58 +0000  2077285 bytes for ./src/static/media/index_02_bg.a76de408.png
2017-10-15 19:45:58 +0000  copying file ./src/static/media/index_02_video.a1f0c79b.png ... 
47399 bytes for ./src/static/media/index_02_video.a1f0c79b.png
copying file ./src/static/media/index_3_bg.8bef4a40.png ... 
2017-10-15 19:45:58 +0000  1604358 bytes for ./src/static/media/index_3_bg.8bef4a40.png
copying file ./src/static/media/index_4_bg.0aa42f29.png ... 
2017-10-15 19:45:58 +0000  8192330 bytes for ./src/static/media/index_4_bg.0aa42f29.png
copying file ./src/static/media/index_4_next.b0c57d92.png ... 
2017-10-15 19:45:58 +0000  /usr/bin/ditto exited with 0
2017-10-15 19:45:58 +0000  10932 bytes for ./src/static/media/index_4_next.b0c57d92.png
copying file ./src/static/media/index_4_pre.694260e7.png ... 
11162 bytes for ./src/static/media/index_4_pre.694260e7.png
2017-10-15 19:45:58 +0000  Processing step: IDEDistributionEmbedProfileStep
2017-10-15 19:45:58 +0000  Processing step: IDEDistributionAppThinningPlistStep
2017-10-15 19:45:58 +0000  Skipping step: IDEDistributionAppThinningPlistStep because it said so
2017-10-15 19:45:58 +0000  Processing step: IDEDistributionCompileBitcodeStep
2017-10-15 19:45:58 +0000  Running /Applications/Xcode.app/Contents/Developer/usr/bin/ipatool '/var/folders/br/zbflqx7s2r7bd5mgnt0fpkb00000gn/T/XcodeDistPipeline.V55/Root' '--json' '/var/folders/br/zbflqx7s2r7bd5mgnt0fpkb00000gn/T/ipatool-json-filepath-dZwHe4' '--compile-bitcode' '--output' '/var/folders/br/zbflqx7s2r7bd5mgnt0fpkb00000gn/T/IDEIPAProcessor.AppThinning.Zmg' '--toolchain' '/Applications/Xcode.app/Contents/Developer/Toolchains/XcodeDefault.xctoolchain/usr' '--platforms' '/Applications/Xcode.app/Contents/Developer/Platforms'
2017-10-15 19:45:58 +0000  ruby 2.0.0p648 (2015-12-16 revision 53162) [universal.x86_64-darwin16]
2017-10-15 19:45:58 +0000  /Applications/Xcode.app/Contents/Developer/usr/bin/ipatool:1586: warning: assigned but unused variable - minVersion
/Applications/Xcode.app/Contents/Developer/usr/bin/ipatool:1586: warning: assigned but unused variable - sdkVersion
/Applications/Xcode.app/Contents/Developer/usr/bin/ipatool:1595: warning: assigned but unused variable - sourceVersion
2017-10-15 19:45:58 +0000  /Applications/Xcode.app/Contents/Developer/usr/bin/ipatool:1697: warning: shadowing outer local variable - node
2017-10-15 19:45:58 +0000  /Applications/Xcode.app/Contents/Developer/usr/bin/ipatool:2461: warning: shadowing outer local variable - machoFile
/Applications/Xcode.app/Contents/Developer/usr/bin/ipatool:2461: warning: shadowing outer local variable - machoImage
2017-10-15 19:45:58 +0000  /Applications/Xcode.app/Contents/Developer/usr/bin/ipatool:2653: warning: assigned but unused variable - flag
/Applications/Xcode.app/Contents/Developer/usr/bin/ipatool:2653: warning: assigned but unused variable - transformer
2017-10-15 19:45:58 +0000  /Applications/Xcode.app/Contents/Developer/usr/bin/ipatool:2903: warning: assigned but unused variable - exc
/Applications/Xcode.app/Contents/Developer/usr/bin/ipatool:731: warning: assigned but unused variable - output
2017-10-15 19:45:58 +0000  /System/Library/Frameworks/Ruby.framework/Versions/2.0/usr/lib/ruby/gems/2.0.0/gems/CFPropertyList-2.2.8/lib/cfpropertylist/rbCFPropertyList.rb:98: warning: assigned but unused variable - temp
/System/Library/Frameworks/Ruby.framework/Versions/2.0/usr/lib/ruby/gems/2.0.0/gems/CFPropertyList-2.2.8/lib/cfpropertylist/rbCFPropertyList.rb:109: warning: assigned but unused variable - e
2017-10-15 19:45:58 +0000  /System/Library/Frameworks/Ruby.framework/Versions/2.0/usr/lib/ruby/gems/2.0.0/gems/libxml-ruby-2.6.0/lib/libxml/schema/type.rb:8: warning: method redefined; discarding old annotation
2017-10-15 19:45:58 +0000  /System/Library/Frameworks/Ruby.framework/Versions/2.0/usr/lib/ruby/gems/2.0.0/gems/libxml-ruby-2.6.0/lib/libxml/schema/element.rb:18: warning: method redefined; discarding old annotation
2017-10-15 19:45:58 +0000  OS X 10.12.6 16G29
2017-10-15 19:45:58 +0000  ENV: {"PATH"=>"/Applications/Xcode.app/Contents/Developer/Toolchains/XcodeDefault.xctoolchain/usr/bin:/Applications/Xcode.app/Contents/Developer/Toolchains/XcodeDefault.xctoolchain/usr/local/bin:/Applications/Xcode.app/Contents/Developer/Toolchains/XcodeDefault.xctoolchain/usr/libexec:/Applications/Xcode.app/Contents/Developer/usr/bin:/Applications/Xcode.app/Contents/Developer/usr/local/bin:/Applications/Xcode.app/Contents/Developer/Tools:/usr/bin:/bin:/usr/sbin:/sbin", "MallocNanoZone"=>"0", "TMPDIR"=>"/var/folders/br/zbflqx7s2r7bd5mgnt0fpkb00000gn/T/", "LOGNAME"=>"zhongyongqiang", "XPC_FLAGS"=>"0x0", "HOME"=>"/Users/zhongyongqiang", "Apple_PubSub_Socket_Render"=>"/private/tmp/com.apple.launchd.9zk8NUkIfx/Render", "USER"=>"zhongyongqiang", "SSH_AUTH_SOCK"=>"/private/tmp/com.apple.launchd.IekcYsEnlw/Listeners", "XPC_SERVICE_NAME"=>"com.apple.dt.Xcode.2908", "SHELL"=>"/bin/bash", "__CF_USER_TEXT_ENCODING"=>"0x1F5:0x0:0x0"}
ARGV: ["/var/folders/br/zbflqx7s2r7bd5mgnt0fpkb00000gn/T/XcodeDistPipeline.V55/Root", "--json", "/var/folders/br/zbflqx7s2r7bd5mgnt0fpkb00000gn/T/ipatool-json-filepath-dZwHe4", "--compile-bitcode", "--output", "/var/folders/br/zbflqx7s2r7bd5mgnt0fpkb00000gn/T/IDEIPAProcessor.AppThinning.Zmg", "--toolchain", "/Applications/Xcode.app/Contents/Developer/Toolchains/XcodeDefault.xctoolchain/usr", "--platforms", "/Applications/Xcode.app/Contents/Developer/Platforms"]
2017-10-15 19:45:58 +0000  warning: Configuration issue: platform AppleTVSimulator.platform doesn't have any non-simulator SDKs; ignoring it
2017-10-15 19:45:58 +0000  warning: Configuration issue: platform iPhoneSimulator.platform doesn't have any non-simulator SDKs; ignoring it
2017-10-15 19:45:58 +0000  warning: Configuration issue: platform WatchSimulator.platform doesn't have any non-simulator SDKs; ignoring it
2017-10-15 19:45:58 +0000  Scanning IPA...
2017-10-15 19:45:59 +0000  Complete LinkageGraph:
    MinHang_IOS.app/MinHang_IOS armv7 ->
    
    MinHang_IOS.app/MinHang_IOS arm64 ->
2017-10-15 19:45:59 +0000  Validating IPA structure...
2017-10-15 19:45:59 +0000  Compiling bitcode...
2017-10-15 19:45:59 +0000  /Applications/Xcode.app/Contents/Developer/usr/bin/bitcode-build-tool -v -t /Applications/Xcode.app/Contents/Developer/Toolchains/XcodeDefault.xctoolchain/usr/bin --sdk /Applications/Xcode.app/Contents/Developer/Platforms/iPhoneOS.platform/Developer/SDKs/iPhoneOS11.0.sdk -o /var/folders/br/zbflqx7s2r7bd5mgnt0fpkb00000gn/T/ipatool20171016-7741-19o7o5u/thinned/armv7/Payload/MinHang_IOS.app/MinHang_IOS --generate-dsym /var/folders/br/zbflqx7s2r7bd5mgnt0fpkb00000gn/T/ipatool20171016-7741-19o7o5u/thinned/armv7/Payload/MinHang_IOS.app/MinHang_IOS.dSYM --strip-swift-symbols /var/folders/br/zbflqx7s2r7bd5mgnt0fpkb00000gn/T/ipatool20171016-7741-19o7o5u/thinned/armv7/Payload/MinHang_IOS.app/MinHang_IOS
2017-10-15 19:45:59 +0000    Compiling bitcode for armv7...
    Compiling armv7 bitcode in 'MinHang_IOS'
2017-10-15 19:45:59 +0000      /Applications/Xcode.app/Contents/Developer/usr/bin/bitcode-build-tool exited with pid 7832 exit 0
    Stdout:
        Debug: SDK path: /Applications/Xcode.app/Contents/Developer/Platforms/iPhoneOS.platform/Developer/SDKs/iPhoneOS11.0.sdk
        Debug: PATH: ['/Applications/Xcode.app/Contents/Developer/Toolchains/XcodeDefault.xctoolchain/usr/bin', '/Applications/Xcode.app/Contents/Developer/usr/bin']
        Debug: Using: /Applications/Xcode.app/Contents/Developer/Toolchains/XcodeDefault.xctoolchain/usr/bin/lipo
        MachoInfo: cd /
        "/Applications/Xcode.app/Contents/Developer/Toolchains/XcodeDefault.xctoolchain/usr/bin/lipo" "-info" "/var/folders/br/zbflqx7s2r7bd5mgnt0fpkb00000gn/T/ipatool20171016-7741-19o7o5u/thinned/armv7/Payload/MinHang_IOS.app/MinHang_IOS" 
        -= Output =-
        Non-fat file: /var/folders/br/zbflqx7s2r7bd5mgnt0fpkb00000gn/T/ipatool20171016-7741-19o7o5u/thinned/armv7/Payload/MinHang_IOS.app/MinHang_IOS is architecture: armv7
        Exited with 0
        
        Debug: Command took 0 seconds
        Debug: Using: /Applications/Xcode.app/Contents/Developer/Toolchains/XcodeDefault.xctoolchain/usr/bin/dwarfdump
        GetUUID: cd /
        "/Applications/Xcode.app/Contents/Developer/Toolchains/XcodeDefault.xctoolchain/usr/bin/dwarfdump" "-u" "/var/folders/br/zbflqx7s2r7bd5mgnt0fpkb00000gn/T/ipatool20171016-7741-19o7o5u/thinned/armv7/Payload/MinHang_IOS.app/MinHang_IOS" 
        -= Output =-
        UUID: A54C7F9B-0587-31E0-8918-D52F54B4D7A1 (armv7) /var/folders/br/zbflqx7s2r7bd5mgnt0fpkb00000gn/T/ipatool20171016-7741-19o7o5u/thinned/armv7/Payload/MinHang_IOS.app/MinHang_IOS
        Exited with 0
        
        Debug: Command took 0 seconds
        Debug: Using: /Applications/Xcode.app/Contents/Developer/Toolchains/XcodeDefault.xctoolchain/usr/bin/segedit
        ExtractXAR: cd /
        "/Applications/Xcode.app/Contents/Developer/Toolchains/XcodeDefault.xctoolchain/usr/bin/segedit" "/var/folders/br/zbflqx7s2r7bd5mgnt0fpkb00000gn/T/ipatool20171016-7741-19o7o5u/thinned/armv7/Payload/MinHang_IOS.app/MinHang_IOS" "-extract" "__LLVM" "__bundle" "/var/folders/br/zbflqx7s2r7bd5mgnt0fpkb00000gn/T/MinHang_IOS1c3tfF/MinHang_IOS.armv7.xar" 
        -= Output =-
        Exited with 0
        
        Debug: Command took 0 seconds
        Debug: Bitcode bundle version: 1.0
        Debug: Setting platform to: iPhoneOS
        Debug: Using: /Applications/Xcode.app/Contents/Developer/Toolchains/XcodeDefault.xctoolchain/usr/bin/ld
        Debug: Using: /Applications/Xcode.app/Contents/Developer/Toolchains/XcodeDefault.xctoolchain/usr/bin/clang
        Clang: cd /var/folders/br/zbflqx7s2r7bd5mgnt0fpkb00000gn/T/temptIpiae
        "/Applications/Xcode.app/Contents/Developer/Toolchains/XcodeDefault.xctoolchain/usr/bin/clang" "-cc1" "-triple" "thumbv7-apple-ios10.0.0" "-emit-obj" "-disable-llvm-passes" "-target-abi" "apcs-gnu" "-mfloat-abi" "soft" "-Os" "-x" "ir" "1" "-o" "1.o" 
        -= Output =-
        Exited with 0
        
        Debug: Command took 0 seconds
        Clang: cd /var/folders/br/zbflqx7s2r7bd5mgnt0fpkb00000gn/T/temptIpiae
        "/Applications/Xcode.app/Contents/Developer/Toolchains/XcodeDefault.xctoolchain/usr/bin/clang" "-cc1" "-triple" "thumbv7-apple-ios10.0.0" "-emit-obj" "-disable-llvm-passes" "-target-abi" "apcs-gnu" "-mfloat-abi" "soft" "-Os" "-x" "ir" "2" "-o" "2.o" 
        -= Output =-
        Exited with 0
        
        Debug: Command took 0 seconds
        Clang: cd /var/folders/br/zbflqx7s2r7bd5mgnt0fpkb00000gn/T/temptIpiae
        "/Applications/Xcode.app/Contents/Developer/Toolchains/XcodeDefault.xctoolchain/usr/bin/clang" "-cc1" "-triple" "thumbv7-apple-ios10.0.0" "-emit-obj" "-disable-llvm-passes" "-target-abi" "apcs-gnu" "-mfloat-abi" "soft" "-Os" "-x" "ir" "3" "-o" "3.o" 
        -= Output =-
        Exited with 0
        
        Debug: Command took 0 seconds
        Debug: Found framework/dylib: /Applications/Xcode.app/Contents/Developer/Platforms/iPhoneOS.platform/Developer/SDKs/iPhoneOS11.0.sdk/System/Library/Frameworks/Foundation.framework/Foundation.
2017-10-15 19:45:59 +0000  tbd
        Debug: Found framework/dylib: /Applications/Xcode.app/Contents/Developer/Platforms/iPhoneOS.platform/Developer/SDKs/iPhoneOS11.0.sdk/usr/lib/libobjc.A.tbd
        Debug: Found framework/dylib: /Applications/Xcode.app/Contents/Developer/Platforms/iPhoneOS.platform/Developer/SDKs/iPhoneOS11.0.sdk/usr/lib/libSystem.B.tbd
        Debug: Found framework/dylib: /Applications/Xcode.app/Contents/Developer/Platforms/iPhoneOS.platform/Developer/SDKs/iPhoneOS11.0.sdk/System/Library/Frameworks/CoreFoundation.framework/CoreFoundation.tbd
        Debug: Found framework/dylib: /Applications/Xcode.app/Contents/Developer/Platforms/iPhoneOS.platform/Developer/SDKs/iPhoneOS11.0.sdk/System/Library/Frameworks/UIKit.framework/UIKit.tbd
        Debug: Found framework/dylib: /Applications/Xcode.app/Contents/Developer/Platforms/iPhoneOS.platform/Developer/SDKs/iPhoneOS11.0.sdk/usr/lib/libobjc.A.tbd
        Ld: cd /var/folders/br/zbflqx7s2r7bd5mgnt0fpkb00000gn/T/temptIpiae
        "/Applications/Xcode.app/Contents/Developer/Toolchains/XcodeDefault.xctoolchain/usr/bin/ld" "-arch" "armv7" "-execute" "-ios_version_min" "10.0.0" "-e" "_main" "-rpath" "@executable_path/Frameworks" "-executable_path" "/Users/zhongyongqiang/Library/Developer/Xcode/DerivedData/MinHang_IOS-etlzucbzumznlhafcfmkpwntlunt/Build/Intermediates.noindex/ArchiveIntermediates/MinHang_IOS/IntermediateBuildFilesPath/MinHang_IOS.build/Release-iphoneos/MinHang_IOS.build/Objects-normal/armv7/MinHang_IOS" "-dead_strip" "-syslibroot" "/Applications/Xcode.app/Contents/Developer/Platforms/iPhoneOS.platform/Developer/SDKs/iPhoneOS11.0.sdk" "-sdk_version" "11.0.0" "-filelist" "/private/var/folders/br/zbflqx7s2r7bd5mgnt0fpkb00000gn/T/MinHang_IOS1c3tfF/MinHang_IOS.armv7.out.LinkFileList" "-ignore_auto_link" "-allow_dead_duplicates" "/Applications/Xcode.app/Contents/Developer/Platforms/iPhoneOS.platform/Developer/SDKs/iPhoneOS11.0.sdk/System/Library/Frameworks/Foundation.framework/Foundation.tbd" "/Applications/Xcode.app/Contents/Developer/Platforms/iPhoneOS.platform/Developer/SDKs/iPhoneOS11.0.sdk/usr/lib/libobjc.A.tbd" "/Applications/Xcode.app/Contents/Developer/Platforms/iPhoneOS.platform/Developer/SDKs/iPhoneOS11.0.sdk/usr/lib/libSystem.B.tbd" "/Applications/Xcode.app/Contents/Developer/Platforms/iPhoneOS.platform/Developer/SDKs/iPhoneOS11.0.sdk/System/Library/Frameworks/CoreFoundation.framework/CoreFoundation.tbd" "/Applications/Xcode.app/Contents/Developer/Platforms/iPhoneOS.platform/Developer/SDKs/iPhoneOS11.0.sdk/System/Library/Frameworks/UIKit.framework/UIKit.tbd" "/Applications/Xcode.app/Contents/Developer/Platforms/iPhoneOS.platform/Developer/SDKs/iPhoneOS11.0.sdk/usr/lib/libobjc.A.tbd" "/Applications/Xcode.app/Contents/Developer/Toolchains/XcodeDefault.xctoolchain/usr/lib/clang/9.0.0/lib/darwin/libclang_rt.ios.a" "-o" "/private/var/folders/br/zbflqx7s2r7bd5mgnt0fpkb00000gn/T/MinHang_IOS1c3tfF/MinHang_IOS.armv7.out" 
        -= Output =-
        Exited with 0
        
        Debug: Command took 0 seconds
        warning: Cannot genarte useful dsym from input macho file: /var/folders/br/zbflqx7s2r7bd5mgnt0fpkb00000gn/T/ipatool20171016-7741-19o7o5u/thinned/armv7/Payload/MinHang_IOS.app/MinHang_IOS
        
        GetUUID: cd /
        "/Applications/Xcode.app/Contents/Developer/Toolchains/XcodeDefault.xctoolchain/usr/bin/dwarfdump" "-u" "/var/folders/br/zbflqx7s2r7bd5mgnt0fpkb00000gn/T/ipatool20171016-7741-19o7o5u/thinned/armv7/Payload/MinHang_IOS.app/MinHang_IOS" 
        -= Output =-
        UUID: AB36F723-99C8-326B-9258-8EE74E212285 (armv7) /var/folders/br/zbflqx7s2r7bd5mgnt0fpkb00000gn/T/ipatool20171016-7741-19o7o5u/thinned/armv7/Payload/MinHang_IOS.app/MinHang_IOS
        Exited with 0
        
        Debug: Command took 0 seconds
        Debug: Using: /Applications/Xcode.app/Contents/Developer/Toolchains/XcodeDefault.xctoolchain/usr/bin/dsymutil
        Dsymutil: cd /
        "/Applications/Xcode.app/Contents/Developer/Toolchains/XcodeDefault.xctoolchain/usr/bin/dsymutil" "/var/folders/br/zbflqx7s2r7bd5mgnt0fpkb00000gn/T/ipatool20171016-7741-19o7o5u/thinned/armv7/Pa
2017-10-15 19:45:59 +0000  yload/MinHang_IOS.app/MinHang_IOS" "-o" "/var/folders/br/zbflqx7s2r7bd5mgnt0fpkb00000gn/T/ipatool20171016-7741-19o7o5u/thinned/armv7/Payload/MinHang_IOS.app/MinHang_IOS.dSYM" 
        -= Output =-
        Exited with 0
        
        Debug: Command took 0 seconds
        Debug: Using: /Applications/Xcode.app/Contents/Developer/Toolchains/XcodeDefault.xctoolchain/usr/bin/strip
        StripSymbols: cd /
        "/Applications/Xcode.app/Contents/Developer/Toolchains/XcodeDefault.xctoolchain/usr/bin/strip" "/var/folders/br/zbflqx7s2r7bd5mgnt0fpkb00000gn/T/ipatool20171016-7741-19o7o5u/thinned/armv7/Payload/MinHang_IOS.app/MinHang_IOS" 
        -= Output =-
        Exited with 0
        
        Debug: Command took 0 seconds
    
    Stderr:
/Applications/Xcode.app/Contents/Developer/usr/bin/symbols -failIfMissingDsym -symbolsPackageDir /var/folders/br/zbflqx7s2r7bd5mgnt0fpkb00000gn/T/ipatool20171016-7741-19o7o5u/thinned/armv7/Payload/MinHang_IOS.app /var/folders/br/zbflqx7s2r7bd5mgnt0fpkb00000gn/T/ipatool20171016-7741-19o7o5u/thinned/armv7/Payload/MinHang_IOS.app/MinHang_IOS
2017-10-15 19:46:00 +0000      /Applications/Xcode.app/Contents/Developer/usr/bin/symbols exited with pid 7848 exit 0
    Stdout:
        /var/folders/br/zbflqx7s2r7bd5mgnt0fpkb00000gn/T/ipatool20171016-7741-19o7o5u/thinned/armv7/Payload/MinHang_IOS.app/MinHang_IOS [armv7, 0.002832 seconds]:
    
    Stderr:
2017-10-15 19:46:00 +0000  /Applications/Xcode.app/Contents/Developer/usr/bin/bitcode-build-tool -v -t /Applications/Xcode.app/Contents/Developer/Toolchains/XcodeDefault.xctoolchain/usr/bin --sdk /Applications/Xcode.app/Contents/Developer/Platforms/iPhoneOS.platform/Developer/SDKs/iPhoneOS11.0.sdk -o /var/folders/br/zbflqx7s2r7bd5mgnt0fpkb00000gn/T/ipatool20171016-7741-19o7o5u/thinned/arm64/Payload/MinHang_IOS.app/MinHang_IOS --generate-dsym /var/folders/br/zbflqx7s2r7bd5mgnt0fpkb00000gn/T/ipatool20171016-7741-19o7o5u/thinned/arm64/Payload/MinHang_IOS.app/MinHang_IOS.dSYM --strip-swift-symbols /var/folders/br/zbflqx7s2r7bd5mgnt0fpkb00000gn/T/ipatool20171016-7741-19o7o5u/thinned/arm64/Payload/MinHang_IOS.app/MinHang_IOS
2017-10-15 19:46:00 +0000    Compiling bitcode for arm64...
    Compiling arm64 bitcode in 'MinHang_IOS'
2017-10-15 19:46:00 +0000      /Applications/Xcode.app/Contents/Developer/usr/bin/bitcode-build-tool exited with pid 7857 exit 0
    Stdout:
        Debug: SDK path: /Applications/Xcode.app/Contents/Developer/Platforms/iPhoneOS.platform/Developer/SDKs/iPhoneOS11.0.sdk
        Debug: PATH: ['/Applications/Xcode.app/Contents/Developer/Toolchains/XcodeDefault.xctoolchain/usr/bin', '/Applications/Xcode.app/Contents/Developer/usr/bin']
        Debug: Using: /Applications/Xcode.app/Contents/Developer/Toolchains/XcodeDefault.xctoolchain/usr/bin/lipo
        MachoInfo: cd /
        "/Applications/Xcode.app/Contents/Developer/Toolchains/XcodeDefault.xctoolchain/usr/bin/lipo" "-info" "/var/folders/br/zbflqx7s2r7bd5mgnt0fpkb00000gn/T/ipatool20171016-7741-19o7o5u/thinned/arm64/Payload/MinHang_IOS.app/MinHang_IOS" 
        -= Output =-
        Non-fat file: /var/folders/br/zbflqx7s2r7bd5mgnt0fpkb00000gn/T/ipatool20171016-7741-19o7o5u/thinned/arm64/Payload/MinHang_IOS.app/MinHang_IOS is architecture: arm64
        Exited with 0
        
        Debug: Command took 0 seconds
        Debug: Using: /Applications/Xcode.app/Contents/Developer/Toolchains/XcodeDefault.xctoolchain/usr/bin/dwarfdump
        GetUUID: cd /
        "/Applications/Xcode.app/Contents/Developer/Toolchains/XcodeDefault.xctoolchain/usr/bin/dwarfdump" "-u" "/var/folders/br/zbflqx7s2r7bd5mgnt0fpkb00000gn/T/ipatool20171016-7741-19o7o5u/thinned/arm64/Payload/MinHang_IOS.app/MinHang_IOS" 
        -= Output =-
        UUID: AF639A4F-504C-32B8-A4A4-8F44B819DA1A (arm64) /var/folders/br/zbflqx7s2r7bd5mgnt0fpkb00000gn/T/ipatool20171016-7741-19o7o5u/thinned/arm64/Payload/MinHang_IOS.app/MinHang_IOS
        Exited with 0
        
        Debug: Command took 0 seconds
        Debug: Using: /Applications/Xcode.app/Contents/Developer/Toolchains/XcodeDefault.xctoolchain/usr/bin/segedit
        ExtractXAR: cd /
        "/Applications/Xcode.app/Contents/Developer/Toolchains/XcodeDefault.xctoolchain/usr/bin/segedit" "/var/folders/br/zbflqx7s2r7bd5mgnt0fpkb00000gn/T/ipatool20171016-7741-19o7o5u/thinned/arm64/Payload/MinHang_IOS.app/MinHang_IOS" "-extract" "__LLVM" "__bundle" "/var/folders/br/zbflqx7s2r7bd5mgnt0fpkb00000gn/T/MinHang_IOSDaHGXt/MinHang_IOS.arm64.xar" 
        -= Output =-
        Exited with 0
        
        Debug: Command took 0 seconds
        Debug: Bitcode bundle version: 1.0
        Debug: Setting platform to: iPhoneOS
        Debug: Using: /Applications/Xcode.app/Contents/Developer/Toolchains/XcodeDefault.xctoolchain/usr/bin/ld
        Debug: Using: /Applications/Xcode.app/Contents/Developer/Toolchains/XcodeDefault.xctoolchain/usr/bin/clang
        Clang: cd /var/folders/br/zbflqx7s2r7bd5mgnt0fpkb00000gn/T/temp4ZeRsI
        "/Applications/Xcode.app/Contents/Developer/Toolchains/XcodeDefault.xctoolchain/usr/bin/clang" "-cc1" "-triple" "arm64-apple-ios10.0.0" "-emit-obj" "-disable-llvm-passes" "-target-abi" "darwinpcs" "-Os" "-x" "ir" "1" "-o" "1.o" 
        -= Output =-
        Exited with 0
        
        Debug: Command took 0 seconds
        Clang: cd /var/folders/br/zbflqx7s2r7bd5mgnt0fpkb00000gn/T/temp4ZeRsI
        "/Applications/Xcode.app/Contents/Developer/Toolchains/XcodeDefault.xctoolchain/usr/bin/clang" "-cc1" "-triple" "arm64-apple-ios10.0.0" "-emit-obj" "-disable-llvm-passes" "-target-abi" "darwinpcs" "-Os" "-x" "ir" "2" "-o" "2.o" 
        -= Output =-
        Exited with 0
        
        Debug: Command took 0 seconds
        Clang: cd /var/folders/br/zbflqx7s2r7bd5mgnt0fpkb00000gn/T/temp4ZeRsI
        "/Applications/Xcode.app/Contents/Developer/Toolchains/XcodeDefault.xctoolchain/usr/bin/clang" "-cc1" "-triple" "arm64-apple-ios10.0.0" "-emit-obj" "-disable-llvm-passes" "-target-abi" "darwinpcs" "-Os" "-x" "ir" "3" "-o" "3.o" 
        -= Output =-
        Exited with 0
        
        Debug: Command took 0 seconds
        Debug: Found framework/dylib: /Applications/Xcode.app/Contents/Developer/Platforms/iPhoneOS.platform/Developer/SDKs/iPhoneOS11.0.sdk/System/Library/Frameworks/Foundation.framework/Foundation.tbd
        Debug: Found framework/dylib: /Applications/Xcode.app/
2017-10-15 19:46:00 +0000  Contents/Developer/Platforms/iPhoneOS.platform/Developer/SDKs/iPhoneOS11.0.sdk/usr/lib/libobjc.A.tbd
        Debug: Found framework/dylib: /Applications/Xcode.app/Contents/Developer/Platforms/iPhoneOS.platform/Developer/SDKs/iPhoneOS11.0.sdk/usr/lib/libSystem.B.tbd
        Debug: Found framework/dylib: /Applications/Xcode.app/Contents/Developer/Platforms/iPhoneOS.platform/Developer/SDKs/iPhoneOS11.0.sdk/System/Library/Frameworks/CoreFoundation.framework/CoreFoundation.tbd
        Debug: Found framework/dylib: /Applications/Xcode.app/Contents/Developer/Platforms/iPhoneOS.platform/Developer/SDKs/iPhoneOS11.0.sdk/System/Library/Frameworks/UIKit.framework/UIKit.tbd
        Debug: Found framework/dylib: /Applications/Xcode.app/Contents/Developer/Platforms/iPhoneOS.platform/Developer/SDKs/iPhoneOS11.0.sdk/usr/lib/libobjc.A.tbd
        Ld: cd /var/folders/br/zbflqx7s2r7bd5mgnt0fpkb00000gn/T/temp4ZeRsI
        "/Applications/Xcode.app/Contents/Developer/Toolchains/XcodeDefault.xctoolchain/usr/bin/ld" "-arch" "arm64" "-execute" "-ios_version_min" "10.0.0" "-e" "_main" "-rpath" "@executable_path/Frameworks" "-executable_path" "/Users/zhongyongqiang/Library/Developer/Xcode/DerivedData/MinHang_IOS-etlzucbzumznlhafcfmkpwntlunt/Build/Intermediates.noindex/ArchiveIntermediates/MinHang_IOS/IntermediateBuildFilesPath/MinHang_IOS.build/Release-iphoneos/MinHang_IOS.build/Objects-normal/arm64/MinHang_IOS" "-dead_strip" "-syslibroot" "/Applications/Xcode.app/Contents/Developer/Platforms/iPhoneOS.platform/Developer/SDKs/iPhoneOS11.0.sdk" "-sdk_version" "11.0.0" "-filelist" "/private/var/folders/br/zbflqx7s2r7bd5mgnt0fpkb00000gn/T/MinHang_IOSDaHGXt/MinHang_IOS.arm64.out.LinkFileList" "-ignore_auto_link" "-allow_dead_duplicates" "/Applications/Xcode.app/Contents/Developer/Platforms/iPhoneOS.platform/Developer/SDKs/iPhoneOS11.0.sdk/System/Library/Frameworks/Foundation.framework/Foundation.tbd" "/Applications/Xcode.app/Contents/Developer/Platforms/iPhoneOS.platform/Developer/SDKs/iPhoneOS11.0.sdk/usr/lib/libobjc.A.tbd" "/Applications/Xcode.app/Contents/Developer/Platforms/iPhoneOS.platform/Developer/SDKs/iPhoneOS11.0.sdk/usr/lib/libSystem.B.tbd" "/Applications/Xcode.app/Contents/Developer/Platforms/iPhoneOS.platform/Developer/SDKs/iPhoneOS11.0.sdk/System/Library/Frameworks/CoreFoundation.framework/CoreFoundation.tbd" "/Applications/Xcode.app/Contents/Developer/Platforms/iPhoneOS.platform/Developer/SDKs/iPhoneOS11.0.sdk/System/Library/Frameworks/UIKit.framework/UIKit.tbd" "/Applications/Xcode.app/Contents/Developer/Platforms/iPhoneOS.platform/Developer/SDKs/iPhoneOS11.0.sdk/usr/lib/libobjc.A.tbd" "/Applications/Xcode.app/Contents/Developer/Toolchains/XcodeDefault.xctoolchain/usr/lib/clang/9.0.0/lib/darwin/libclang_rt.ios.a" "-o" "/private/var/folders/br/zbflqx7s2r7bd5mgnt0fpkb00000gn/T/MinHang_IOSDaHGXt/MinHang_IOS.arm64.out" 
        -= Output =-
        Exited with 0
        
        Debug: Command took 0 seconds
        warning: Cannot genarte useful dsym from input macho file: /var/folders/br/zbflqx7s2r7bd5mgnt0fpkb00000gn/T/ipatool20171016-7741-19o7o5u/thinned/arm64/Payload/MinHang_IOS.app/MinHang_IOS
        
        GetUUID: cd /
        "/Applications/Xcode.app/Contents/Developer/Toolchains/XcodeDefault.xctoolchain/usr/bin/dwarfdump" "-u" "/var/folders/br/zbflqx7s2r7bd5mgnt0fpkb00000gn/T/ipatool20171016-7741-19o7o5u/thinned/arm64/Payload/MinHang_IOS.app/MinHang_IOS" 
        -= Output =-
        UUID: B9F19950-54A9-3711-826E-F3AA5AC4D930 (arm64) /var/folders/br/zbflqx7s2r7bd5mgnt0fpkb00000gn/T/ipatool20171016-7741-19o7o5u/thinned/arm64/Payload/MinHang_IOS.app/MinHang_IOS
        Exited with 0
        
        Debug: Command took 0 seconds
        Debug: Using: /Applications/Xcode.app/Contents/Developer/Toolchains/XcodeDefault.xctoolchain/usr/bin/dsymutil
        Dsymutil: cd /
        "/Applications/Xcode.app/Contents/Developer/Toolchains/XcodeDefault.xctoolchain/usr/bin/dsymutil" "/var/folders/br/zbflqx7s2r7bd5mgnt0fpkb00000gn/T/ipatool20171016-7741-19o7o5u/thinned/arm64/Payload/MinHang_IOS.app/MinHang_IOS" "-o" "/var/folders/br/zbflqx7s2
2017-10-15 19:46:00 +0000  r7bd5mgnt0fpkb00000gn/T/ipatool20171016-7741-19o7o5u/thinned/arm64/Payload/MinHang_IOS.app/MinHang_IOS.dSYM" 
        -= Output =-
        Exited with 0
        
        Debug: Command took 0 seconds
        Debug: Using: /Applications/Xcode.app/Contents/Developer/Toolchains/XcodeDefault.xctoolchain/usr/bin/strip
        StripSymbols: cd /
        "/Applications/Xcode.app/Contents/Developer/Toolchains/XcodeDefault.xctoolchain/usr/bin/strip" "/var/folders/br/zbflqx7s2r7bd5mgnt0fpkb00000gn/T/ipatool20171016-7741-19o7o5u/thinned/arm64/Payload/MinHang_IOS.app/MinHang_IOS" 
        -= Output =-
        Exited with 0
        
        Debug: Command took 0 seconds
    
    Stderr:
/Applications/Xcode.app/Contents/Developer/usr/bin/symbols -failIfMissingDsym -symbolsPackageDir /var/folders/br/zbflqx7s2r7bd5mgnt0fpkb00000gn/T/ipatool20171016-7741-19o7o5u/thinned/arm64/Payload/MinHang_IOS.app /var/folders/br/zbflqx7s2r7bd5mgnt0fpkb00000gn/T/ipatool20171016-7741-19o7o5u/thinned/arm64/Payload/MinHang_IOS.app/MinHang_IOS
2017-10-15 19:46:00 +0000      /Applications/Xcode.app/Contents/Developer/usr/bin/symbols exited with pid 7873 exit 0
    Stdout:
        /var/folders/br/zbflqx7s2r7bd5mgnt0fpkb00000gn/T/ipatool20171016-7741-19o7o5u/thinned/arm64/Payload/MinHang_IOS.app/MinHang_IOS [arm64, 0.000777 seconds]:
    
    Stderr:
2017-10-15 19:46:00 +0000  Creating universal IPA contents for all devices
  Creating directory /var/folders/br/zbflqx7s2r7bd5mgnt0fpkb00000gn/T/IDEIPAProcessor.AppThinning.Zmg/universal
  Copying MinHang_IOS.app output payload directory
2017-10-15 19:46:00 +0000    Copying .dSYM files to /var/folders/br/zbflqx7s2r7bd5mgnt0fpkb00000gn/T/IDEIPAProcessor.AppThinning.Zmg/universal/dSYMs
  Copying .symbols files to /var/folders/br/zbflqx7s2r7bd5mgnt0fpkb00000gn/T/IDEIPAProcessor.AppThinning.Zmg/universal/Symbols
2017-10-15 19:46:00 +0000  /Applications/Xcode.app/Contents/Developer/usr/bin/ipatool exited with 0
2017-10-15 19:46:00 +0000  ipatool JSON: {
    alerts =     (
                {
            code = 2808;
            description = "Configuration issue: platform AppleTVSimulator.platform doesn't have any non-simulator SDKs; ignoring it";
            info =             {
            };
            level = WARN;
        },
                {
            code = 2808;
            description = "Configuration issue: platform iPhoneSimulator.platform doesn't have any non-simulator SDKs; ignoring it";
            info =             {
            };
            level = WARN;
        },
                {
            code = 2808;
            description = "Configuration issue: platform WatchSimulator.platform doesn't have any non-simulator SDKs; ignoring it";
            info =             {
            };
            level = WARN;
        }
    );
    thinnableAssetCatalogs =     (
        "/var/folders/br/zbflqx7s2r7bd5mgnt0fpkb00000gn/T/XcodeDistPipeline.V55/Root/Payload/MinHang_IOS.app/Assets.car"
    );
    universalIPA =     {
        path = "/var/folders/br/zbflqx7s2r7bd5mgnt0fpkb00000gn/T/IDEIPAProcessor.AppThinning.Zmg/universal";
    };
}
2017-10-15 19:46:00 +0000  Processing step: IDEDistributionCodeSlimmingStep
2017-10-15 19:46:00 +0000  Processing step: IDEDistributionCopyBCSymbolMapsStep
2017-10-15 19:46:00 +0000  Processing step: IDEDistributionSymbolsStep
2017-10-15 19:46:00 +0000  Skipping step: IDEDistributionSymbolsStep because it said so
2017-10-15 19:46:00 +0000  Processing step: IDEDistributionAppThinningStep
2017-10-15 19:46:00 +0000  Skipping step: IDEDistributionAppThinningStep because it said so
2017-10-15 19:46:00 +0000  Processing step: IDEDistributionODRStep
2017-10-15 19:46:00 +0000  Processing step: IDEDistributionStripXattrsStep
2017-10-15 19:46:00 +0000  Running /usr/bin/xattr '-cr' '/var/folders/br/zbflqx7s2r7bd5mgnt0fpkb00000gn/T/XcodeDistPipeline.V55/Root/Payload/MinHang_IOS.app'
2017-10-15 19:46:00 +0000  /usr/bin/xattr exited with 0
2017-10-15 19:46:00 +0000  Processing step: IDEDistributionCodesignStep
2017-10-15 19:46:00 +0000  Applying entitlements delta for <IDEDistributionItem: 0x7fa697cd0b50 'NowUI.MinHang-IOS' '<DVTFilePath:0x7fa6947b3030:'/Users/zhongyongqiang/Library/Developer/Xcode/Archives/2017-10-16/MinHang_IOS 16-10-2017, 3.45 AM.xcarchive/Products/Applications/MinHang_IOS.app'>'> from <IDEiCloudEntitlementsProcessor: 0x7fa698979c30>: {
}
2017-10-15 19:46:00 +0000  Entitlements for <IDEDistributionItem: 0x7fa697cd0b50 'NowUI.MinHang-IOS' '<DVTFilePath:0x7fa6947b3030:'/Users/zhongyongqiang/Library/Developer/Xcode/Archives/2017-10-16/MinHang_IOS 16-10-2017, 3.45 AM.xcarchive/Products/Applications/MinHang_IOS.app'>'>: {
    "application-identifier" = "7A5K69VZRP.NowUI.MinHang-IOS";
    "com.apple.developer.team-identifier" = 7A5K69VZRP;
    "get-task-allow" = 0;
    "keychain-access-groups" =     (
        "7A5K69VZRP.NowUI.MinHang-IOS"
    );
}
2017-10-15 19:46:00 +0000  Writing entitlements for <IDEDistributionItem: 0x7fa697cd0b50 'NowUI.MinHang-IOS' '<DVTFilePath:0x7fa6947b3030:'/Users/zhongyongqiang/Library/Developer/Xcode/Archives/2017-10-16/MinHang_IOS 16-10-2017, 3.45 AM.xcarchive/Products/Applications/MinHang_IOS.app'>'> to: /var/folders/br/zbflqx7s2r7bd5mgnt0fpkb00000gn/T/XcodeDistPipeline.V55/entitlementsSQCEQD
2017-10-15 19:46:00 +0000  Running /usr/bin/codesign '-vvv' '--force' '--sign' '29145C7253369E40E82B2D7FE6675B7E211CA99B' '--preserve-metadata=identifier,flags' '--entitlements' '/var/folders/br/zbflqx7s2r7bd5mgnt0fpkb00000gn/T/XcodeDistPipeline.V55/entitlementsSQCEQD' '/var/folders/br/zbflqx7s2r7bd5mgnt0fpkb00000gn/T/XcodeDistPipeline.V55/Root/Payload/MinHang_IOS.app'
2017-10-15 19:46:01 +0000  /var/folders/br/zbflqx7s2r7bd5mgnt0fpkb00000gn/T/XcodeDistPipeline.V55/Root/Payload/MinHang_IOS.app: signed app bundle with Mach-O universal (armv7 arm64) [NowUI.MinHang-IOS]
2017-10-15 19:46:01 +0000  /usr/bin/codesign exited with 0
2017-10-15 19:46:01 +0000  Processing step: IDEDistributionStreamingZipItemStep
2017-10-15 19:46:01 +0000  Skipping step: IDEDistributionStreamingZipItemStep because it said so
2017-10-15 19:46:01 +0000  Processing step: IDEDistributionCreateIPAStep
2017-10-15 19:46:01 +0000  Running /usr/bin/ditto '-V' '-c' '-k' '--norsrc' '/var/folders/br/zbflqx7s2r7bd5mgnt0fpkb00000gn/T/XcodeDistPipeline.V55/Root' '/var/folders/br/zbflqx7s2r7bd5mgnt0fpkb00000gn/T/XcodeDistPipeline.V55/Packages/MinHang_IOS.ipa'
2017-10-15 19:46:01 +0000  >>> Copying /var/folders/br/zbflqx7s2r7bd5mgnt0fpkb00000gn/T/XcodeDistPipeline.V55/Root 
2017-10-15 19:46:01 +0000  copying file ./Payload/MinHang_IOS.app/_CodeSignature/CodeResources ... 
2017-10-15 19:46:01 +0000  12761 bytes for ./Payload/MinHang_IOS.app/_CodeSignature/CodeResources
copying file ./Payload/MinHang_IOS.app/AppIcon76x76@2x~ipad.png ... 
2017-10-15 19:46:01 +0000  50314 bytes for ./Payload/MinHang_IOS.app/AppIcon76x76@2x~ipad.png
copying file ./Payload/MinHang_IOS.app/archived-expanded-entitlements.xcent ... 
2017-10-15 19:46:01 +0000  372 bytes for ./Payload/MinHang_IOS.app/archived-expanded-entitlements.xcent
copying file ./Payload/MinHang_IOS.app/Assets.car ... 
2017-10-15 19:46:01 +0000  51016 bytes for ./Payload/MinHang_IOS.app/Assets.car
2017-10-15 19:46:01 +0000  copying file ./Payload/MinHang_IOS.app/Base.lproj/LaunchScreen.storyboardc/01J-lp-oVM-view-Ze5-6b-2t3.nib ... 
2017-10-15 19:46:01 +0000  1985 bytes for ./Payload/MinHang_IOS.app/Base.lproj/LaunchScreen.storyboardc/01J-lp-oVM-view-Ze5-6b-2t3.nib
copying file ./Payload/MinHang_IOS.app/Base.lproj/LaunchScreen.storyboardc/Info.plist ... 
258 bytes for ./Payload/MinHang_IOS.app/Base.lproj/LaunchScreen.storyboardc/Info.plist
copying file ./Payload/MinHang_IOS.app/Base.lproj/LaunchScreen.storyboardc/UIViewController-01J-lp-oVM.nib ... 
832 bytes for ./Payload/MinHang_IOS.app/Base.lproj/LaunchScreen.storyboardc/UIViewController-01J-lp-oVM.nib
copying file ./Payload/MinHang_IOS.app/Base.lproj/Main.storyboardc/BYZ-38-t0r-view-8bC-Xf-vdC.nib ... 
2017-10-15 19:46:01 +0000  1986 bytes for ./Payload/MinHang_IOS.app/Base.lproj/Main.storyboardc/BYZ-38-t0r-view-8bC-Xf-vdC.nib
copying file ./Payload/MinHang_IOS.app/Base.lproj/Main.storyboardc/Info.plist ... 
2017-10-15 19:46:01 +0000  258 bytes for ./Payload/MinHang_IOS.app/Base.lproj/Main.storyboardc/Info.plist
copying file ./Payload/MinHang_IOS.app/Base.lproj/Main.storyboardc/UIViewController-BYZ-38-t0r.nib ... 
916 bytes for ./Payload/MinHang_IOS.app/Base.lproj/Main.storyboardc/UIViewController-BYZ-38-t0r.nib
copying file ./Payload/MinHang_IOS.app/embedded.mobileprovision ... 
2017-10-15 19:46:01 +0000  9586 bytes for ./Payload/MinHang_IOS.app/embedded.mobileprovision
2017-10-15 19:46:01 +0000  copying file ./Payload/MinHang_IOS.app/image/icon-152.png ... 
2017-10-15 19:46:01 +0000  51927 bytes for ./Payload/MinHang_IOS.app/image/icon-152.png
copying file ./Payload/MinHang_IOS.app/image/WechatIMG20.png ... 
2017-10-15 19:46:01 +0000  146199 bytes for ./Payload/MinHang_IOS.app/image/WechatIMG20.png
copying file ./Payload/MinHang_IOS.app/Info.plist ... 
2017-10-15 19:46:01 +0000  2732 bytes for ./Payload/MinHang_IOS.app/Info.plist
copying file ./Payload/MinHang_IOS.app/MinHang_IOS ... 
2017-10-15 19:46:01 +0000  143872 bytes for ./Payload/MinHang_IOS.app/MinHang_IOS
copying file ./Payload/MinHang_IOS.app/PkgInfo ... 
8 bytes for ./Payload/MinHang_IOS.app/PkgInfo
2017-10-15 19:46:01 +0000  copying file ./Payload/MinHang_IOS.app/src/asset-manifest.json ... 
948 bytes for ./Payload/MinHang_IOS.app/src/asset-manifest.json
copying file ./Payload/MinHang_IOS.app/src/favicon.ico ... 
2017-10-15 19:46:01 +0000  24838 bytes for ./Payload/MinHang_IOS.app/src/favicon.ico
copying file ./Payload/MinHang_IOS.app/src/index.html ... 
2017-10-15 19:46:01 +0000  1214 bytes for ./Payload/MinHang_IOS.app/src/index.html
copying file ./Payload/MinHang_IOS.app/src/logo.svg ... 
2017-10-15 19:46:01 +0000  2671 bytes for ./Payload/MinHang_IOS.app/src/logo.svg
copying file ./Payload/MinHang_IOS.app/src/manifest.json ... 
298 bytes for ./Payload/MinHang_IOS.app/src/manifest.json
copying file ./Payload/MinHang_IOS.app/src/service-worker.js ... 
2017-10-15 19:46:01 +0000  3845 bytes for ./Payload/MinHang_IOS.app/src/service-worker.js
copying file ./Payload/MinHang_IOS.app/src/static/css/main.432c0320.css ... 
2017-10-15 19:46:01 +0000  8587 bytes for ./Payload/MinHang_IOS.app/src/static/css/main.432c0320.css
copying file ./Payload/MinHang_IOS.app/src/static/css/main.432c0320.css.map ... 
2017-10-15 19:46:01 +0000  16189 bytes for ./Payload/MinHang_IOS.app/src/static/css/main.432c0320.css.map
2017-10-15 19:46:01 +0000  copying file ./Payload/MinHang_IOS.app/src/static/js/main.8b53ba86.js ... 
2017-10-15 19:46:01 +0000  883556 bytes for ./Payload/MinHang_IOS.app/src/static/js/main.8b53ba86.js
copying file ./Payload/MinHang_IOS.app/src/static/js/main.8b53ba86.js.map ... 
2017-10-15 19:46:01 +0000  5766970 bytes for ./Payload/MinHang_IOS.app/src/static/js/main.8b53ba86.js.map
2017-10-15 19:46:01 +0000  copying file ./Payload/MinHang_IOS.app/src/static/media/code_img_00.6e5ad61f.jpg ... 
2017-10-15 19:46:01 +0000  152215 bytes for ./Payload/MinHang_IOS.app/src/static/media/code_img_00.6e5ad61f.jpg
copying file ./Payload/MinHang_IOS.app/src/static/media/handprint2.f08fa7b9.jpg ... 
2017-10-15 19:46:01 +0000  105834 bytes for ./Payload/MinHang_IOS.app/src/static/media/handprint2.f08fa7b9.jpg
copying file ./Payload/MinHang_IOS.app/src/static/media/index_00_bg.ef4f7ea8.png ... 
2017-10-15 19:46:01 +0000  1346277 bytes for ./Payload/MinHang_IOS.app/src/static/media/index_00_bg.ef4f7ea8.png
copying file ./Payload/MinHang_IOS.app/src/static/media/index_01_bg.3da9adbc.png ... 
2017-10-15 19:46:01 +0000  1269530 bytes for ./Payload/MinHang_IOS.app/src/static/media/index_01_bg.3da9adbc.png
copying file ./Payload/MinHang_IOS.app/src/static/media/index_02_bg.a76de408.png ... 
2017-10-15 19:46:01 +0000  2077285 bytes for ./Payload/MinHang_IOS.app/src/static/media/index_02_bg.a76de408.png
copying file ./Payload/MinHang_IOS.app/src/static/media/index_02_video.a1f0c79b.png ... 
2017-10-15 19:46:01 +0000  47399 bytes for ./Payload/MinHang_IOS.app/src/static/media/index_02_video.a1f0c79b.png
copying file ./Payload/MinHang_IOS.app/src/static/media/index_3_bg.8bef4a40.png ... 
2017-10-15 19:46:01 +0000  1604358 bytes for ./Payload/MinHang_IOS.app/src/static/media/index_3_bg.8bef4a40.png
copying file ./Payload/MinHang_IOS.app/src/static/media/index_4_bg.0aa42f29.png ... 
2017-10-15 19:46:01 +0000  8192330 bytes for ./Payload/MinHang_IOS.app/src/static/media/index_4_bg.0aa42f29.png
2017-10-15 19:46:01 +0000  /usr/bin/ditto exited with 0
2017-10-15 19:46:01 +0000  copying file ./Payload/MinHang_IOS.app/src/static/media/index_4_next.b0c57d92.png ... 
10932 bytes for ./Payload/MinHang_IOS.app/src/static/media/index_4_next.b0c57d92.png
copying file ./Payload/MinHang_IOS.app/src/static/media/index_4_pre.694260e7.png ... 
11162 bytes for ./Payload/MinHang_IOS.app/src/static/media/index_4_pre.694260e7.png
2017-10-15 19:46:01 +0000  Processing step: IDEDistributionCreateManifestStep
